2025-01-04 15:46:33.536624: I tensorflow/core/platform/cpu_feature_guard.cc:193] This TensorFlow binary is optimized with oneAPI Deep Neural Network Library (oneDNN) to use the following CPU instructions in performance-critical operations:  AVX2 AVX512F FMA
To enable them in other operations, rebuild TensorFlow with the appropriate compiler flags.
2025-01-04 15:46:33.745189: E tensorflow/stream_executor/cuda/cuda_blas.cc:2981] Unable to register cuBLAS factory: Attempting to register factory for plugin cuBLAS when one has already been registered
2025-01-04 15:46:34.474460: W tensorflow/stream_executor/platform/default/dso_loader.cc:64] Could not load dynamic library 'libnvinfer.so.7'; dlerror: libnvinfer.so.7: cannot open shared object file: No such file or directory; LD_LIBRARY_PATH: :/scratch/network/yw0947/.mujoco/mujoco210/bin:/usr/lib/nvidia:/scratch/network/yw0947/.mujoco/mujoco210/bin:/usr/lib/nvidia:/scratch/network/yw0947/.mujoco/mujoco210/bin:/usr/lib/nvidia
2025-01-04 15:46:34.474576: W tensorflow/stream_executor/platform/default/dso_loader.cc:64] Could not load dynamic library 'libnvinfer_plugin.so.7'; dlerror: libnvinfer_plugin.so.7: cannot open shared object file: No such file or directory; LD_LIBRARY_PATH: :/scratch/network/yw0947/.mujoco/mujoco210/bin:/usr/lib/nvidia:/scratch/network/yw0947/.mujoco/mujoco210/bin:/usr/lib/nvidia:/scratch/network/yw0947/.mujoco/mujoco210/bin:/usr/lib/nvidia
2025-01-04 15:46:34.474592: W tensorflow/compiler/tf2tensorrt/utils/py_utils.cc:38] TF-TRT Warning: Cannot dlopen some TensorRT libraries. If you would like to use Nvidia GPU with TensorRT, please make sure the missing libraries mentioned above are installed properly.
2025-01-04 15:46:36 | [sd005_s_2311641.0.1736023596_ant_new_method_metra_sf] Logging to /scratch/network/yw0947/Junior-IW/exp/relabel_skills_csf_ant/sd005_s_2311641.0.1736023596_ant_new_method_metra_sf
2025-01-04 15:46:36 | [sd005_s_2311641.0.1736023596_ant_new_method_metra_sf] Git commit: 42c3dca2243246646dbf583fd3ac7b9c2d51fcf0
2025-01-04 15:46:36 | [sd005_s_2311641.0.1736023596_ant_new_method_metra_sf] ARGS: Namespace(run_group='relabel_skills_csf_ant', n_epochs_per_eval=500, n_epochs_per_log=500, n_epochs_per_save=10000, n_epochs_per_pt_save=1000, n_epochs_per_pkl_update=None, num_random_trajectories=48, num_video_repeats=2, eval_record_video=0, eval_plot_axis=[-50.0, 50.0, -50.0, 50.0], normalizer_type='preset', frame_stack=None, video_skip_frames=1, encoder=0, spectral_normalization=0, model_master_dim=1024, model_master_num_layers=2, model_master_nonlinearity=None, sd_const_std=1, sd_batch_norm=1, use_layer_norm=0, max_path_length=200, env='ant', use_gpu=1, sample_cpu=1, seed=5, n_parallel=1, n_thread=1, n_epochs=10001, traj_batch_size=8, trans_minibatch_size=256, trans_optimization_epochs=50, common_lr=0.0001, lr_op=None, lr_te=None, dim_option=2, discrete=0, alpha=0.01, algo='new_method_metra_sf', sac_tau=0.005, sac_lr_q=None, sac_lr_a=None, sac_discount=0.99, sac_scale_reward=1.0, sac_target_coef=1.0, sac_min_buffer_size=10000, sac_max_buffer_size=1000000, use_discrete_sac=0, unit_length=1, inner=1, turn_off_dones=1, num_alt_samples=100, split_group=65536, uniform_z=0, dual_reg=1, dual_lam=30, dual_slack=0.001, dual_dist='one', dual_lr=None, fixed_lam=None, self_normalizing=0, no_diff_in_rep=0, log_sum_exp=1, sample_new_z=1, num_negative_z=256, infonce_lam=5.0, diayn_include_baseline=0, add_log_sum_exp_to_rewards=0, add_penalty_to_rewards=0, metra_mlp_rep=0, goal_range=50.0, num_zero_shot_goals=50, eval_goal_metrics=1, cp_path=None, cp_path_idx=None, cp_multi_step=1, cp_unit_length=0, downstream_reward_type='esparse', downstream_num_goal_steps=50, policy_type='gaussian', cic_temp=0.5, cic_alpha=1.0, apt_knn_k=16, apt_use_icm=0, apt_rms=1, alive_reward=None, dual_dist_scaling='geom', const_scaler=1.0, wdm=0, wdm_cpc=0, wdm_idz=1, wdm_ids=0, wdm_diff=1, aug=0, joint_train=1, is_new_method=True, noise_type='random_noise', noise_factor=0.15)
2025-01-04 15:46:36 | [sd005_s_2311641.0.1736023596_ant_new_method_metra_sf] Setting seed to 5
2025-01-04 15:46:41.445199: I tensorflow/core/platform/cpu_feature_guard.cc:193] This TensorFlow binary is optimized with oneAPI Deep Neural Network Library (oneDNN) to use the following CPU instructions in performance-critical operations:  AVX2 AVX512F FMA
To enable them in other operations, rebuild TensorFlow with the appropriate compiler flags.
2025-01-04 15:46:41.652208: E tensorflow/stream_executor/cuda/cuda_blas.cc:2981] Unable to register cuBLAS factory: Attempting to register factory for plugin cuBLAS when one has already been registered
2025-01-04 15:46:42.286176: W tensorflow/stream_executor/platform/default/dso_loader.cc:64] Could not load dynamic library 'libnvinfer.so.7'; dlerror: libnvinfer.so.7: cannot open shared object file: No such file or directory; LD_LIBRARY_PATH: /scratch/network/yw0947/anaconda3/envs/csf/lib/python3.9/site-packages/cv2/../../lib64::/scratch/network/yw0947/.mujoco/mujoco210/bin:/usr/lib/nvidia:/scratch/network/yw0947/.mujoco/mujoco210/bin:/usr/lib/nvidia:/scratch/network/yw0947/.mujoco/mujoco210/bin:/usr/lib/nvidia
2025-01-04 15:46:42.286291: W tensorflow/stream_executor/platform/default/dso_loader.cc:64] Could not load dynamic library 'libnvinfer_plugin.so.7'; dlerror: libnvinfer_plugin.so.7: cannot open shared object file: No such file or directory; LD_LIBRARY_PATH: /scratch/network/yw0947/anaconda3/envs/csf/lib/python3.9/site-packages/cv2/../../lib64::/scratch/network/yw0947/.mujoco/mujoco210/bin:/usr/lib/nvidia:/scratch/network/yw0947/.mujoco/mujoco210/bin:/usr/lib/nvidia:/scratch/network/yw0947/.mujoco/mujoco210/bin:/usr/lib/nvidia
2025-01-04 15:46:42.286299: W tensorflow/compiler/tf2tensorrt/utils/py_utils.cc:38] TF-TRT Warning: Cannot dlopen some TensorRT libraries. If you would like to use Nvidia GPU with TensorRT, please make sure the missing libraries mentioned above are installed properly.
2025-01-04 15:46:43 | [sd005_s_2311641.0.1736023596_ant_new_method_metra_sf] Obtaining samples...
2025-01-04 15:46:43 | [sd005_s_2311641.0.1736023596_ant_new_method_metra_sf] epoch #0 | Saving snapshot...
2025-01-04 15:46:43 | [sd005_s_2311641.0.1736023596_ant_new_method_metra_sf] epoch #0 | Saved
Sampling
_get_trajectories(option_policy) 10.146481275558472s
------------------------------  ----------
EvalOp/AtSuccess1                  0
EvalOp/AtSuccess3                  0
EvalOp/AverageDiscountedReturn    87.1391
EvalOp/AverageReturn             201.018
EvalOp/CompletionRate              1
EvalOp/DiffMaxMinReturn           17.8992
EvalOp/EndSuccess1                 0
EvalOp/EndSuccess3                 0
EvalOp/GoalDistance               39.9192
EvalOp/GoalSquaredDistance      1717.59
EvalOp/HitSuccess1                 0
EvalOp/HitSuccess3                 0
EvalOp/Iteration                   0
EvalOp/MaxReturn                 212.009
EvalOp/MinReturn                 194.11
EvalOp/MjAvgTrajLen              200
EvalOp/MjNumCoords              9648
EvalOp/MjNumTrajs                 48
EvalOp/MjNumUniqueCoords           4
EvalOp/NumTrajs                   48
EvalOp/StdReturn                   5.42962
TimeTotal                         30.7078
TotalEnvSteps                      0
TotalEpoch                         0
------------------------------  ----------
Sampling
_get_trajectories(option_policy) 1.904472827911377s
Sampling
_get_trajectories(option_policy) 1.895855188369751s
Sampling
_get_trajectories(option_policy) 1.8871757984161377s
Sampling
_get_trajectories(option_policy) 1.889240026473999s
Sampling
_get_trajectories(option_policy) 1.8873350620269775s
Sampling
_get_trajectories(option_policy) 1.8982298374176025s
Sampling
_get_trajectories(option_policy) 1.8858778476715088s
Sampling
_get_trajectories(option_policy) 1.9008569717407227s
Sampling
_get_trajectories(option_policy) 1.8913986682891846s
Sampling
_get_trajectories(option_policy) 1.9027369022369385s
Sampling
_get_trajectories(option_policy) 1.9039287567138672s
Sampling
_get_trajectories(option_policy) 1.8942689895629883s
Sampling
_get_trajectories(option_policy) 1.8923625946044922s
Sampling
_get_trajectories(option_policy) 1.8935198783874512s
Sampling
_get_trajectories(option_policy) 1.8921160697937012s
Sampling
_get_trajectories(option_policy) 1.8882625102996826s
Sampling
_get_trajectories(option_policy) 1.8875460624694824s
Sampling
_get_trajectories(option_policy) 1.8978419303894043s
Sampling
_get_trajectories(option_policy) 1.8940508365631104s
Sampling
_get_trajectories(option_policy) 1.892664909362793s
Sampling
_get_trajectories(option_policy) 1.8868086338043213s
Sampling
_get_trajectories(option_policy) 1.8809118270874023s
Sampling
_get_trajectories(option_policy) 1.894359827041626s
Sampling
_get_trajectories(option_policy) 1.8924386501312256s
Sampling
_get_trajectories(option_policy) 1.888396978378296s
Sampling
_get_trajectories(option_policy) 1.8862049579620361s
Sampling
_get_trajectories(option_policy) 1.8888742923736572s
Sampling
_get_trajectories(option_policy) 1.8924903869628906s
Sampling
_get_trajectories(option_policy) 1.895418643951416s
Sampling
_get_trajectories(option_policy) 1.887681007385254s
Sampling
_get_trajectories(option_policy) 1.8866100311279297s
Sampling
_get_trajectories(option_policy) 1.8861021995544434s
Sampling
_get_trajectories(option_policy) 1.8904528617858887s
Sampling
_get_trajectories(option_policy) 1.8911259174346924s
Sampling
_get_trajectories(option_policy) 1.8953826427459717s
Sampling
_get_trajectories(option_policy) 1.8826816082000732s
Sampling
_get_trajectories(option_policy) 1.8941936492919922s
Sampling
_get_trajectories(option_policy) 1.888352870941162s
Sampling
_get_trajectories(option_policy) 1.8814868927001953s
Sampling
_get_trajectories(option_policy) 1.8819472789764404s
Sampling
_get_trajectories(option_policy) 1.8916583061218262s
Sampling
_get_trajectories(option_policy) 1.8891513347625732s
Sampling
_get_trajectories(option_policy) 1.8829078674316406s
Sampling
_get_trajectories(option_policy) 1.8910677433013916s
Sampling
_get_trajectories(option_policy) 1.8564696311950684s
Sampling
_get_trajectories(option_policy) 1.854278326034546s
Sampling
_get_trajectories(option_policy) 1.855684518814087s
Sampling
_get_trajectories(option_policy) 1.8600828647613525s
Sampling
_get_trajectories(option_policy) 1.8569302558898926s
Sampling
_get_trajectories(option_policy) 1.8524236679077148s
Sampling
_get_trajectories(option_policy) 1.8520655632019043s
Sampling
_get_trajectories(option_policy) 1.8516786098480225s
Sampling
_get_trajectories(option_policy) 1.8529994487762451s
Sampling
_get_trajectories(option_policy) 1.8548789024353027s
Sampling
_get_trajectories(option_policy) 1.8695032596588135s
Sampling
_get_trajectories(option_policy) 1.857229232788086s
Sampling
_get_trajectories(option_policy) 1.8528692722320557s
Sampling
_get_trajectories(option_policy) 1.851628065109253s
Sampling
_get_trajectories(option_policy) 1.8569560050964355s
Sampling
_get_trajectories(option_policy) 1.850604772567749s
Sampling
_get_trajectories(option_policy) 1.8524539470672607s
Sampling
_get_trajectories(option_policy) 1.8585028648376465s
Sampling
_get_trajectories(option_policy) 1.8550574779510498s
Sampling
_get_trajectories(option_policy) 1.8559691905975342s
Sampling
_get_trajectories(option_policy) 1.8527023792266846s
Sampling
_get_trajectories(option_policy) 1.853874683380127s
Sampling
_get_trajectories(option_policy) 1.8588638305664062s
Sampling
_get_trajectories(option_policy) 1.8532252311706543s
Sampling
_get_trajectories(option_policy) 1.8522710800170898s
Sampling
_get_trajectories(option_policy) 1.8524718284606934s
Sampling
_get_trajectories(option_policy) 1.8527653217315674s
Sampling
_get_trajectories(option_policy) 1.855980634689331s
Sampling
_get_trajectories(option_policy) 1.8521630764007568s
Sampling
_get_trajectories(option_policy) 1.8595695495605469s
Sampling
_get_trajectories(option_policy) 1.8578057289123535s
Sampling
_get_trajectories(option_policy) 1.8517260551452637s
Sampling
_get_trajectories(option_policy) 1.8528079986572266s
Sampling
_get_trajectories(option_policy) 1.8577218055725098s
Sampling
_get_trajectories(option_policy) 1.8581030368804932s
Sampling
_get_trajectories(option_policy) 1.8537802696228027s
Sampling
_get_trajectories(option_policy) 1.8508095741271973s
Sampling
_get_trajectories(option_policy) 1.8491573333740234s
Sampling
_get_trajectories(option_policy) 1.8586792945861816s
Sampling
_get_trajectories(option_policy) 1.856149673461914s
Sampling
_get_trajectories(option_policy) 1.852111577987671s
Sampling
_get_trajectories(option_policy) 1.8518950939178467s
Sampling
_get_trajectories(option_policy) 1.846548318862915s
Sampling
_get_trajectories(option_policy) 1.8565106391906738s
Sampling
_get_trajectories(option_policy) 1.8531055450439453s
Sampling
_get_trajectories(option_policy) 1.854661464691162s
Sampling
_get_trajectories(option_policy) 1.856778860092163s
Sampling
_get_trajectories(option_policy) 1.866621732711792s
Sampling
_get_trajectories(option_policy) 1.8497169017791748s
Sampling
_get_trajectories(option_policy) 1.8544199466705322s
Sampling
_get_trajectories(option_policy) 1.8499000072479248s
Sampling
_get_trajectories(option_policy) 1.8585386276245117s
Sampling
_get_trajectories(option_policy) 1.8544392585754395s
Sampling
_get_trajectories(option_policy) 1.8511879444122314s
Sampling
_get_trajectories(option_policy) 1.853147029876709s
Sampling
_get_trajectories(option_policy) 1.8540830612182617s
Sampling
_get_trajectories(option_policy) 1.8443846702575684s
Sampling
_get_trajectories(option_policy) 1.8523445129394531s
Sampling
_get_trajectories(option_policy) 1.8482797145843506s
Sampling
_get_trajectories(option_policy) 1.8624529838562012s
Sampling
_get_trajectories(option_policy) 1.8546955585479736s
Sampling
_get_trajectories(option_policy) 1.8560421466827393s
Sampling
_get_trajectories(option_policy) 1.8570444583892822s
Sampling
_get_trajectories(option_policy) 1.851482629776001s
Sampling
_get_trajectories(option_policy) 1.8559741973876953s
Sampling
_get_trajectories(option_policy) 1.8552541732788086s
Sampling
_get_trajectories(option_policy) 1.8571949005126953s
Sampling
_get_trajectories(option_policy) 1.85646390914917s
Sampling
_get_trajectories(option_policy) 1.8514161109924316s
Sampling
_get_trajectories(option_policy) 1.8528633117675781s
Sampling
_get_trajectories(option_policy) 1.8569352626800537s
Sampling
_get_trajectories(option_policy) 1.8539390563964844s
Sampling
_get_trajectories(option_policy) 1.856449842453003s
Sampling
_get_trajectories(option_policy) 1.858860969543457s
Sampling
_get_trajectories(option_policy) 1.8507184982299805s
Sampling
_get_trajectories(option_policy) 1.8883531093597412s
Sampling
_get_trajectories(option_policy) 1.8908264636993408s
Sampling
_get_trajectories(option_policy) 1.8937811851501465s
Sampling
_get_trajectories(option_policy) 1.8883423805236816s
Sampling
_get_trajectories(option_policy) 1.890183687210083s
Sampling
_get_trajectories(option_policy) 1.8837122917175293s
Sampling
_get_trajectories(option_policy) 1.8886511325836182s
Sampling
_get_trajectories(option_policy) 1.892599105834961s
Sampling
_get_trajectories(option_policy) 1.880774974822998s
Sampling
_get_trajectories(option_policy) 1.899040937423706s
Sampling
_get_trajectories(option_policy) 1.8930602073669434s
Sampling
_get_trajectories(option_policy) 1.8853271007537842s
Sampling
_get_trajectories(option_policy) 1.8851134777069092s
Sampling
_get_trajectories(option_policy) 1.8878159523010254s
Sampling
_get_trajectories(option_policy) 1.9068846702575684s
Sampling
_get_trajectories(option_policy) 1.8857872486114502s
Sampling
_get_trajectories(option_policy) 1.8853068351745605s
Sampling
_get_trajectories(option_policy) 1.888195514678955s
Sampling
_get_trajectories(option_policy) 1.8941514492034912s
Sampling
_get_trajectories(option_policy) 1.890380859375s
Sampling
_get_trajectories(option_policy) 1.8884286880493164s
Sampling
_get_trajectories(option_policy) 1.8915257453918457s
Sampling
_get_trajectories(option_policy) 1.889625072479248s
Sampling
_get_trajectories(option_policy) 1.8874139785766602s
Sampling
_get_trajectories(option_policy) 1.8918530941009521s
Sampling
_get_trajectories(option_policy) 1.8971903324127197s
Sampling
_get_trajectories(option_policy) 1.880145788192749s
Sampling
_get_trajectories(option_policy) 1.8883352279663086s
Sampling
_get_trajectories(option_policy) 1.888573408126831s
Sampling
_get_trajectories(option_policy) 1.8829667568206787s
Sampling
_get_trajectories(option_policy) 1.8903872966766357s
Sampling
_get_trajectories(option_policy) 1.8843820095062256s
Sampling
_get_trajectories(option_policy) 1.8895719051361084s
Sampling
_get_trajectories(option_policy) 1.894582986831665s
Sampling
_get_trajectories(option_policy) 1.8958568572998047s
Sampling
_get_trajectories(option_policy) 1.8829975128173828s
Sampling
_get_trajectories(option_policy) 1.898723840713501s
Sampling
_get_trajectories(option_policy) 1.8845362663269043s
Sampling
_get_trajectories(option_policy) 1.8948428630828857s
Sampling
_get_trajectories(option_policy) 1.8845033645629883s
Sampling
_get_trajectories(option_policy) 1.886509895324707s
Sampling
_get_trajectories(option_policy) 1.8868787288665771s
Sampling
_get_trajectories(option_policy) 1.8463973999023438s
Sampling
_get_trajectories(option_policy) 1.854161024093628s
Sampling
_get_trajectories(option_policy) 1.851975917816162s
Sampling
_get_trajectories(option_policy) 1.8531157970428467s
Sampling
_get_trajectories(option_policy) 1.8568494319915771s
Sampling
_get_trajectories(option_policy) 1.8546395301818848s
Sampling
_get_trajectories(option_policy) 1.8552894592285156s
Sampling
_get_trajectories(option_policy) 1.8574633598327637s
Sampling
_get_trajectories(option_policy) 1.8617944717407227s
Sampling
_get_trajectories(option_policy) 1.853114366531372s
Sampling
_get_trajectories(option_policy) 1.852900743484497s
Sampling
_get_trajectories(option_policy) 1.8572227954864502s
Sampling
_get_trajectories(option_policy) 1.8549058437347412s
Sampling
_get_trajectories(option_policy) 1.8529434204101562s
Sampling
_get_trajectories(option_policy) 1.8585264682769775s
Sampling
_get_trajectories(option_policy) 1.8576393127441406s
Sampling
_get_trajectories(option_policy) 1.8627512454986572s
Sampling
_get_trajectories(option_policy) 1.8598504066467285s
Sampling
_get_trajectories(option_policy) 1.8514301776885986s
Sampling
_get_trajectories(option_policy) 1.8498961925506592s
Sampling
_get_trajectories(option_policy) 1.8570282459259033s
Sampling
_get_trajectories(option_policy) 1.8531348705291748s
Sampling
_get_trajectories(option_policy) 1.8561921119689941s
Sampling
_get_trajectories(option_policy) 1.855821132659912s
Sampling
_get_trajectories(option_policy) 1.8603451251983643s
Sampling
_get_trajectories(option_policy) 1.8529777526855469s
Sampling
_get_trajectories(option_policy) 1.8533859252929688s
Sampling
_get_trajectories(option_policy) 1.8512091636657715s
Sampling
_get_trajectories(option_policy) 1.8589441776275635s
Sampling
_get_trajectories(option_policy) 1.8578944206237793s
Sampling
_get_trajectories(option_policy) 1.8597455024719238s
Sampling
_get_trajectories(option_policy) 1.8483035564422607s
Sampling
_get_trajectories(option_policy) 1.8508386611938477s
Sampling
_get_trajectories(option_policy) 1.854048728942871s
Sampling
_get_trajectories(option_policy) 1.8554069995880127s
Sampling
_get_trajectories(option_policy) 1.8520853519439697s
Sampling
_get_trajectories(option_policy) 1.8527910709381104s
Sampling
_get_trajectories(option_policy) 1.8588497638702393s
Sampling
_get_trajectories(option_policy) 1.8657612800598145s
Sampling
_get_trajectories(option_policy) 1.8501861095428467s
Sampling
_get_trajectories(option_policy) 1.852766513824463s
Sampling
_get_trajectories(option_policy) 1.8603696823120117s
Sampling
_get_trajectories(option_policy) 1.8557887077331543s
Sampling
_get_trajectories(option_policy) 1.852008581161499s
Sampling
_get_trajectories(option_policy) 1.858421802520752s
Sampling
_get_trajectories(option_policy) 1.8568646907806396s
Sampling
_get_trajectories(option_policy) 1.8561546802520752s
Sampling
_get_trajectories(option_policy) 1.8597052097320557s
Sampling
_get_trajectories(option_policy) 1.8603007793426514s
Sampling
_get_trajectories(option_policy) 1.8521225452423096s
Sampling
_get_trajectories(option_policy) 1.851656436920166s
Sampling
_get_trajectories(option_policy) 1.8535442352294922s
Sampling
_get_trajectories(option_policy) 2.1211483478546143s
Sampling
_get_trajectories(option_policy) 1.8596127033233643s
Sampling
_get_trajectories(option_policy) 1.8588416576385498s
Sampling
_get_trajectories(option_policy) 1.8541855812072754s
Sampling
_get_trajectories(option_policy) 1.855499029159546s
Sampling
_get_trajectories(option_policy) 1.8604416847229004s
Sampling
_get_trajectories(option_policy) 1.8537547588348389s
Sampling
_get_trajectories(option_policy) 1.8591957092285156s
Sampling
_get_trajectories(option_policy) 1.8586339950561523s
Sampling
_get_trajectories(option_policy) 1.8590576648712158s
Sampling
_get_trajectories(option_policy) 1.8666894435882568s
Sampling
_get_trajectories(option_policy) 1.8565940856933594s
Sampling
_get_trajectories(option_policy) 1.857804536819458s
Sampling
_get_trajectories(option_policy) 1.860344648361206s
Sampling
_get_trajectories(option_policy) 1.859405517578125s
Sampling
_get_trajectories(option_policy) 1.8548274040222168s
Sampling
_get_trajectories(option_policy) 1.8533775806427002s
Sampling
_get_trajectories(option_policy) 1.852327823638916s
Sampling
_get_trajectories(option_policy) 1.858569860458374s
Sampling
_get_trajectories(option_policy) 1.8549249172210693s
Sampling
_get_trajectories(option_policy) 1.8587541580200195s
Sampling
_get_trajectories(option_policy) 1.8535411357879639s
Sampling
_get_trajectories(option_policy) 1.8553576469421387s
Sampling
_get_trajectories(option_policy) 1.8628103733062744s
Sampling
slurmstepd: error: *** JOB 2311641 ON adroit-h11g3 CANCELLED AT 2025-01-04T15:56:50 ***
