2024-11-28 12:02:12.244835: I tensorflow/core/platform/cpu_feature_guard.cc:193] This TensorFlow binary is optimized with oneAPI Deep Neural Network Library (oneDNN) to use the following CPU instructions in performance-critical operations:  AVX2 AVX512F AVX512_VNNI FMA
To enable them in other operations, rebuild TensorFlow with the appropriate compiler flags.
2024-11-28 12:02:12.350394: I tensorflow/core/util/util.cc:169] oneDNN custom operations are on. You may see slightly different numerical results due to floating-point round-off errors from different computation orders. To turn them off, set the environment variable `TF_ENABLE_ONEDNN_OPTS=0`.
2024-11-28 12:02:12.376480: E tensorflow/stream_executor/cuda/cuda_blas.cc:2981] Unable to register cuBLAS factory: Attempting to register factory for plugin cuBLAS when one has already been registered
2024-11-28 12:02:13.407839: W tensorflow/stream_executor/platform/default/dso_loader.cc:64] Could not load dynamic library 'libnvinfer.so.7'; dlerror: libnvinfer.so.7: cannot open shared object file: No such file or directory; LD_LIBRARY_PATH: :/scratch/network/yw0947/.mujoco/mujoco210/bin:/usr/lib/nvidia:/scratch/network/yw0947/.mujoco/mujoco210/bin:/usr/lib/nvidia:/scratch/network/yw0947/.mujoco/mujoco210/bin:/usr/lib/nvidia
2024-11-28 12:02:13.407907: W tensorflow/stream_executor/platform/default/dso_loader.cc:64] Could not load dynamic library 'libnvinfer_plugin.so.7'; dlerror: libnvinfer_plugin.so.7: cannot open shared object file: No such file or directory; LD_LIBRARY_PATH: :/scratch/network/yw0947/.mujoco/mujoco210/bin:/usr/lib/nvidia:/scratch/network/yw0947/.mujoco/mujoco210/bin:/usr/lib/nvidia:/scratch/network/yw0947/.mujoco/mujoco210/bin:/usr/lib/nvidia
2024-11-28 12:02:13.407913: W tensorflow/compiler/tf2tensorrt/utils/py_utils.cc:38] TF-TRT Warning: Cannot dlopen some TensorRT libraries. If you would like to use Nvidia GPU with TensorRT, please make sure the missing libraries mentioned above are installed properly.
2024-11-28 12:02:16 | [sd000_s_2278606.0.1732813335_ant_metra_sf] Logging to /scratch/network/yw0947/Junior-IW/exp/csf_ant/sd000_s_2278606.0.1732813335_ant_metra_sf
2024-11-28 12:02:16 | [sd000_s_2278606.0.1732813335_ant_metra_sf] Git commit: 3e3540c61df9084cb09b6ad62fa754109d40e571
2024-11-28 12:02:16 | [sd000_s_2278606.0.1732813335_ant_metra_sf] ARGS: Namespace(run_group='csf_ant', n_epochs_per_eval=500, n_epochs_per_log=500, n_epochs_per_save=10000, n_epochs_per_pt_save=1000, n_epochs_per_pkl_update=None, num_random_trajectories=48, num_video_repeats=2, eval_record_video=0, eval_plot_axis=[-50.0, 50.0, -50.0, 50.0], normalizer_type='preset', frame_stack=None, video_skip_frames=1, encoder=0, spectral_normalization=0, model_master_dim=1024, model_master_num_layers=2, model_master_nonlinearity=None, sd_const_std=1, sd_batch_norm=1, use_layer_norm=0, max_path_length=200, env='ant', use_gpu=1, sample_cpu=1, seed=0, n_parallel=1, n_thread=1, n_epochs=10001, traj_batch_size=8, trans_minibatch_size=256, trans_optimization_epochs=50, common_lr=0.0001, lr_op=None, lr_te=None, dim_option=2, discrete=0, alpha=0.01, algo='metra_sf', sac_tau=0.005, sac_lr_q=None, sac_lr_a=None, sac_discount=0.99, sac_scale_reward=1.0, sac_target_coef=1.0, sac_min_buffer_size=10000, sac_max_buffer_size=1000000, use_discrete_sac=0, unit_length=1, inner=1, turn_off_dones=1, num_alt_samples=100, split_group=65536, uniform_z=0, dual_reg=1, dual_lam=30, dual_slack=0.001, dual_dist='one', dual_lr=None, fixed_lam=None, self_normalizing=0, no_diff_in_rep=0, log_sum_exp=1, sample_new_z=1, num_negative_z=256, infonce_lam=5.0, diayn_include_baseline=0, add_log_sum_exp_to_rewards=0, add_penalty_to_rewards=0, metra_mlp_rep=0, goal_range=50.0, num_zero_shot_goals=50, eval_goal_metrics=1, cp_path=None, cp_path_idx=None, cp_multi_step=1, cp_unit_length=0, downstream_reward_type='esparse', downstream_num_goal_steps=50, policy_type='gaussian', cic_temp=0.5, cic_alpha=1.0, apt_knn_k=16, apt_use_icm=0, apt_rms=1, alive_reward=None, dual_dist_scaling='geom', const_scaler=1.0, wdm=0, wdm_cpc=0, wdm_idz=1, wdm_ids=0, wdm_diff=1, aug=0, joint_train=1, relabel_to_nearby_skill=False, noise_type=None, noise_factor=0.0)
2024-11-28 12:02:16 | [sd000_s_2278606.0.1732813335_ant_metra_sf] Setting seed to 0
2024-11-28 12:02:21.799571: I tensorflow/core/platform/cpu_feature_guard.cc:193] This TensorFlow binary is optimized with oneAPI Deep Neural Network Library (oneDNN) to use the following CPU instructions in performance-critical operations:  AVX2 AVX512F AVX512_VNNI FMA
To enable them in other operations, rebuild TensorFlow with the appropriate compiler flags.
2024-11-28 12:02:21.909653: I tensorflow/core/util/util.cc:169] oneDNN custom operations are on. You may see slightly different numerical results due to floating-point round-off errors from different computation orders. To turn them off, set the environment variable `TF_ENABLE_ONEDNN_OPTS=0`.
2024-11-28 12:02:21.935889: E tensorflow/stream_executor/cuda/cuda_blas.cc:2981] Unable to register cuBLAS factory: Attempting to register factory for plugin cuBLAS when one has already been registered
2024-11-28 12:02:22.576564: W tensorflow/stream_executor/platform/default/dso_loader.cc:64] Could not load dynamic library 'libnvinfer.so.7'; dlerror: libnvinfer.so.7: cannot open shared object file: No such file or directory; LD_LIBRARY_PATH: /scratch/network/yw0947/anaconda3/envs/csf/lib/python3.9/site-packages/cv2/../../lib64::/scratch/network/yw0947/.mujoco/mujoco210/bin:/usr/lib/nvidia:/scratch/network/yw0947/.mujoco/mujoco210/bin:/usr/lib/nvidia:/scratch/network/yw0947/.mujoco/mujoco210/bin:/usr/lib/nvidia
2024-11-28 12:02:22.576630: W tensorflow/stream_executor/platform/default/dso_loader.cc:64] Could not load dynamic library 'libnvinfer_plugin.so.7'; dlerror: libnvinfer_plugin.so.7: cannot open shared object file: No such file or directory; LD_LIBRARY_PATH: /scratch/network/yw0947/anaconda3/envs/csf/lib/python3.9/site-packages/cv2/../../lib64::/scratch/network/yw0947/.mujoco/mujoco210/bin:/usr/lib/nvidia:/scratch/network/yw0947/.mujoco/mujoco210/bin:/usr/lib/nvidia:/scratch/network/yw0947/.mujoco/mujoco210/bin:/usr/lib/nvidia
2024-11-28 12:02:22.576635: W tensorflow/compiler/tf2tensorrt/utils/py_utils.cc:38] TF-TRT Warning: Cannot dlopen some TensorRT libraries. If you would like to use Nvidia GPU with TensorRT, please make sure the missing libraries mentioned above are installed properly.
2024-11-28 12:02:23 | [sd000_s_2278606.0.1732813335_ant_metra_sf] Obtaining samples...
2024-11-28 12:02:23 | [sd000_s_2278606.0.1732813335_ant_metra_sf] epoch #0 | Saving snapshot...
2024-11-28 12:02:24 | [sd000_s_2278606.0.1732813335_ant_metra_sf] epoch #0 | Saved
Sampling
_get_trajectories(option_policy) 8.266242504119873s
------------------------------  ----------
EvalOp/AtSuccess1                  0
EvalOp/AtSuccess3                  0.0121
EvalOp/AverageDiscountedReturn    88.0882
EvalOp/AverageReturn             202.719
EvalOp/CompletionRate              1
EvalOp/DiffMaxMinReturn           17.1931
EvalOp/EndSuccess1                 0
EvalOp/EndSuccess3                 0
EvalOp/GoalDistance               37.2105
EvalOp/GoalSquaredDistance      1623.9
EvalOp/HitSuccess1                 0
EvalOp/HitSuccess3                 0.02
EvalOp/Iteration                   0
EvalOp/MaxReturn                 212.416
EvalOp/MinReturn                 195.223
EvalOp/MjAvgTrajLen              200
EvalOp/MjNumCoords              9648
EvalOp/MjNumTrajs                 48
EvalOp/MjNumUniqueCoords           4
EvalOp/NumTrajs                   48
EvalOp/StdReturn                   3.93431
TimeTotal                         27.3629
TotalEnvSteps                      0
TotalEpoch                         0
------------------------------  ----------
Sampling
_get_trajectories(option_policy) 1.578221082687378s
Sampling
_get_trajectories(option_policy) 1.5700154304504395s
Sampling
_get_trajectories(option_policy) 1.5637342929840088s
Sampling
_get_trajectories(option_policy) 1.5612401962280273s
Sampling
_get_trajectories(option_policy) 1.5634701251983643s
Sampling
_get_trajectories(option_policy) 1.5612621307373047s
Sampling
_get_trajectories(option_policy) 1.568587303161621s
Sampling
_get_trajectories(option_policy) 1.5726890563964844s
Sampling
_get_trajectories(option_policy) 1.5676498413085938s
Sampling
_get_trajectories(option_policy) 1.5697071552276611s
Sampling
_get_trajectories(option_policy) 1.5727367401123047s
Sampling
_get_trajectories(option_policy) 1.5661249160766602s
Sampling
_get_trajectories(option_policy) 1.5639159679412842s
Sampling
_get_trajectories(option_policy) 1.568725824356079s
Sampling
_get_trajectories(option_policy) 1.5637073516845703s
Sampling
_get_trajectories(option_policy) 1.5651748180389404s
Sampling
_get_trajectories(option_policy) 1.5598535537719727s
Sampling
_get_trajectories(option_policy) 1.5672249794006348s
Sampling
_get_trajectories(option_policy) 1.5629749298095703s
Sampling
_get_trajectories(option_policy) 1.5603373050689697s
Sampling
_get_trajectories(option_policy) 1.5673496723175049s
Sampling
_get_trajectories(option_policy) 1.569807767868042s
Sampling
_get_trajectories(option_policy) 1.5663611888885498s
Sampling
_get_trajectories(option_policy) 1.7330899238586426s
Sampling
_get_trajectories(option_policy) 1.5697336196899414s
Sampling
_get_trajectories(option_policy) 1.5688867568969727s
Sampling
_get_trajectories(option_policy) 1.569458246231079s
Sampling
_get_trajectories(option_policy) 1.567943811416626s
Sampling
_get_trajectories(option_policy) 1.5689613819122314s
Sampling
_get_trajectories(option_policy) 1.56608247756958s
Sampling
_get_trajectories(option_policy) 1.5638647079467773s
Sampling
_get_trajectories(option_policy) 1.561394453048706s
Sampling
_get_trajectories(option_policy) 1.56760573387146s
Sampling
_get_trajectories(option_policy) 1.561286449432373s
Sampling
_get_trajectories(option_policy) 1.5636708736419678s
Sampling
_get_trajectories(option_policy) 1.558894157409668s
Sampling
_get_trajectories(option_policy) 1.5705909729003906s
Sampling
_get_trajectories(option_policy) 1.561948299407959s
Sampling
_get_trajectories(option_policy) 1.5618793964385986s
Sampling
_get_trajectories(option_policy) 1.559978723526001s
Sampling
_get_trajectories(option_policy) 1.5663666725158691s
Sampling
_get_trajectories(option_policy) 1.5692245960235596s
Sampling
_get_trajectories(option_policy) 1.5610644817352295s
Sampling
_get_trajectories(option_policy) 1.559276819229126s
Sampling
_get_trajectories(option_policy) 1.5649628639221191s
Sampling
_get_trajectories(option_policy) 1.5607163906097412s
Sampling
_get_trajectories(option_policy) 1.5573797225952148s
Sampling
_get_trajectories(option_policy) 1.5583751201629639s
Sampling
_get_trajectories(option_policy) 1.5669755935668945s
Sampling
_get_trajectories(option_policy) 1.5652165412902832s
Sampling
_get_trajectories(option_policy) 1.5651869773864746s
Sampling
_get_trajectories(option_policy) 1.5612587928771973s
Sampling
_get_trajectories(option_policy) 1.5622220039367676s
Sampling
_get_trajectories(option_policy) 1.564560890197754s
Sampling
_get_trajectories(option_policy) 1.5621485710144043s
Sampling
_get_trajectories(option_policy) 1.5628397464752197s
Sampling
_get_trajectories(option_policy) 1.5613787174224854s
Sampling
_get_trajectories(option_policy) 1.5711431503295898s
Sampling
_get_trajectories(option_policy) 1.5736467838287354s
Sampling
_get_trajectories(option_policy) 1.5687358379364014s
Sampling
_get_trajectories(option_policy) 1.5651607513427734s
Sampling
_get_trajectories(option_policy) 1.562739372253418s
Sampling
_get_trajectories(option_policy) 1.5662248134613037s
Sampling
_get_trajectories(option_policy) 1.5629374980926514s
Sampling
_get_trajectories(option_policy) 1.5626397132873535s
Sampling
_get_trajectories(option_policy) 1.5597078800201416s
Sampling
_get_trajectories(option_policy) 1.5640878677368164s
Sampling
_get_trajectories(option_policy) 1.5628464221954346s
Sampling
_get_trajectories(option_policy) 1.5596034526824951s
Sampling
_get_trajectories(option_policy) 1.5638554096221924s
Sampling
_get_trajectories(option_policy) 1.5775306224822998s
Sampling
_get_trajectories(option_policy) 1.5614585876464844s
Sampling
_get_trajectories(option_policy) 1.564147710800171s
Sampling
_get_trajectories(option_policy) 1.564002275466919s
Sampling
_get_trajectories(option_policy) 1.5701351165771484s
Sampling
_get_trajectories(option_policy) 1.5606415271759033s
Sampling
_get_trajectories(option_policy) 1.5704841613769531s
Sampling
_get_trajectories(option_policy) 1.5643904209136963s
Sampling
_get_trajectories(option_policy) 1.5655224323272705s
Sampling
_get_trajectories(option_policy) 1.5613758563995361s
Sampling
_get_trajectories(option_policy) 1.568751573562622s
Sampling
_get_trajectories(option_policy) 1.5635552406311035s
Sampling
_get_trajectories(option_policy) 1.569267749786377s
Sampling
_get_trajectories(option_policy) 1.5711491107940674s
Sampling
_get_trajectories(option_policy) 1.562690019607544s
Sampling
_get_trajectories(option_policy) 1.569345235824585s
Sampling
_get_trajectories(option_policy) 1.567383050918579s
Sampling
_get_trajectories(option_policy) 1.5701611042022705s
Sampling
_get_trajectories(option_policy) 1.564523696899414s
Sampling
_get_trajectories(option_policy) 1.5654997825622559s
Sampling
_get_trajectories(option_policy) 1.5690627098083496s
Sampling
_get_trajectories(option_policy) 1.566145658493042s
Sampling
_get_trajectories(option_policy) 1.5683414936065674s
Sampling
_get_trajectories(option_policy) 1.56284761428833s
Sampling
_get_trajectories(option_policy) 1.5634758472442627s
Sampling
_get_trajectories(option_policy) 1.571763515472412s
Sampling
_get_trajectories(option_policy) 1.5658149719238281s
Sampling
_get_trajectories(option_policy) 1.561617136001587s
Sampling
_get_trajectories(option_policy) 1.5664749145507812s
Sampling
_get_trajectories(option_policy) 1.5598738193511963s
Sampling
_get_trajectories(option_policy) 1.5591187477111816s
Sampling
_get_trajectories(option_policy) 1.5704584121704102s
Sampling
_get_trajectories(option_policy) 1.5629291534423828s
Sampling
_get_trajectories(option_policy) 1.5668604373931885s
Sampling
_get_trajectories(option_policy) 1.5655052661895752s
Sampling
_get_trajectories(option_policy) 1.5547990798950195s
Sampling
_get_trajectories(option_policy) 1.5588383674621582s
Sampling
_get_trajectories(option_policy) 1.5704522132873535s
Sampling
_get_trajectories(option_policy) 1.5648524761199951s
Sampling
_get_trajectories(option_policy) 1.5626821517944336s
Sampling
_get_trajectories(option_policy) 1.5552802085876465s
Sampling
_get_trajectories(option_policy) 1.5590026378631592s
Sampling
_get_trajectories(option_policy) 1.5667283535003662s
Sampling
_get_trajectories(option_policy) 1.5641412734985352s
Sampling
_get_trajectories(option_policy) 1.5653102397918701s
Sampling
_get_trajectories(option_policy) 1.5628306865692139s
Sampling
_get_trajectories(option_policy) 1.5615272521972656s
Sampling
_get_trajectories(option_policy) 1.5633277893066406s
Sampling
_get_trajectories(option_policy) 1.5623102188110352s
Sampling
_get_trajectories(option_policy) 1.5666325092315674s
Sampling
_get_trajectories(option_policy) 1.5606913566589355s
Sampling
_get_trajectories(option_policy) 1.5633926391601562s
Sampling
_get_trajectories(option_policy) 1.5603532791137695s
Sampling
_get_trajectories(option_policy) 1.5646052360534668s
Sampling
_get_trajectories(option_policy) 1.5654733180999756s
Sampling
_get_trajectories(option_policy) 1.5697760581970215s
Sampling
_get_trajectories(option_policy) 1.5694947242736816s
Sampling
_get_trajectories(option_policy) 1.5629026889801025s
Sampling
_get_trajectories(option_policy) 1.5571370124816895s
Sampling
_get_trajectories(option_policy) 1.5630462169647217s
Sampling
_get_trajectories(option_policy) 1.5629675388336182s
Sampling
_get_trajectories(option_policy) 1.5641534328460693s
Sampling
_get_trajectories(option_policy) 1.5637609958648682s
Sampling
_get_trajectories(option_policy) 1.5543115139007568s
Sampling
_get_trajectories(option_policy) 1.5644252300262451s
Sampling
_get_trajectories(option_policy) 1.5629220008850098s
Sampling
_get_trajectories(option_policy) 1.5619795322418213s
Sampling
_get_trajectories(option_policy) 1.5644433498382568s
Sampling
_get_trajectories(option_policy) 1.56162691116333s
Sampling
_get_trajectories(option_policy) 1.5665345191955566s
Sampling
_get_trajectories(option_policy) 1.5677838325500488s
Sampling
_get_trajectories(option_policy) 1.5705149173736572s
Sampling
_get_trajectories(option_policy) 1.566399097442627s
Sampling
_get_trajectories(option_policy) 1.5621039867401123s
Sampling
_get_trajectories(option_policy) 1.5723905563354492s
Sampling
_get_trajectories(option_policy) 1.5678668022155762s
Sampling
_get_trajectories(option_policy) 1.5613644123077393s
Sampling
_get_trajectories(option_policy) 1.562959909439087s
Sampling
_get_trajectories(option_policy) 1.5619091987609863s
Sampling
_get_trajectories(option_policy) 1.5623581409454346s
Sampling
_get_trajectories(option_policy) 1.5643596649169922s
Sampling
_get_trajectories(option_policy) 1.5605103969573975s
Sampling
_get_trajectories(option_policy) 1.5578505992889404s
Sampling
_get_trajectories(option_policy) 1.5624473094940186s
Sampling
_get_trajectories(option_policy) 1.5726780891418457s
Sampling
_get_trajectories(option_policy) 1.5611283779144287s
Sampling
_get_trajectories(option_policy) 1.5731902122497559s
Sampling
slurmstepd: error: *** JOB 2278606 ON adroit-h11g2 CANCELLED AT 2024-11-28T12:09:10 ***
